(---------------------------------------------------------------------)
(                                                                     )
(    QUICKPLACE LOG                                                   )
(                                                                     )
(    Drawing          : OSCILLATOR.brd                                )
(    Software Version : 17.2P028                                      )
(    Date/Time        : Thu Aug 01 10:22:04 2019                      )
(                                                                     )
(---------------------------------------------------------------------)


State: Placing on layer TOP

         Placed symbol:  U4 / LF351_0_DIP8_3_LF351 / DIP8_3 at (2.473 78.093)
         Placed symbol:  U3 / LF351_0_DIP8_3_LF351 / DIP8_3 at (12.836 78.093)
         Placed symbol:  U2 / LF351_0_DIP8_3_LF351 / DIP8_3 at (23.199 78.093)
         Placed symbol:  U1 / LF351_0_DIP8_3_LF351 / DIP8_3 at (33.562 78.093)
         Placed symbol:  VR1 / POT_RESADJ_1M / RESADJ at (46.465 75.401)
         Placed symbol:  U6 / LM7912C/TO220_2_TO220AB_LM7912C / TO220AB at (50.834 72.099)
         Placed symbol:  U5 / LM7812/TO_8_TO220AB_LM7812/TO / TO220AB at (61.909 72.099)
         Placed symbol:  J2 / CON3_JUMPER3_CON3 / JUMPER3 at (71.358 70.473)
         Placed symbol:  R1 / R_RES400_10K / RES400 at (79.765 70.384)
         Placed symbol:  R10 / R_RES400_10K / RES400 at (83.092 70.384)
         Placed symbol:  R3 / R_RES400_10K / RES400 at (86.419 70.384)
         Placed symbol:  R4 / R_RES400_10K / RES400 at (89.746 70.384)
         Placed symbol:  C5 / CAP NP_CAP196_0.1UF / CAP196 at (94.013 70.473)
         Placed symbol:  R7 / R_RES400_10K / RES400 at (3.057 83.109)
         Placed symbol:  R8 / R_RES400_10K / RES400 at (6.384 83.109)
         Placed symbol:  R9 / R_RES400_10K / RES400 at (9.711 83.109)
         Placed symbol:  R2 / R_RES400_100K / RES400 at (13.038 83.109)
         Placed symbol:  R5 / R_RES400_62K / RES400 at (16.365 83.109)
         Placed symbol:  C4 / CAP NP_CAP196_0.1UF / CAP196 at (20.632 83.198)
         Placed symbol:  C3 / CAP NP_CAP196_0.1UF / CAP196 at (26.423 83.198)
         Placed symbol:  C2 / CAP NP_CAP196_270PF / CAP196 at (32.214 83.198)
         Placed symbol:  R6 / R_RES400_10K / RES400 at (37.065 83.109)
         Placed symbol:  J1 / CON2_JUMPER2_CON2 / JUMPER2 at (39.808 83.198)
         Placed symbol:  C6 / CAP NP_CAP196_0.1UF / CAP196 at (46.615 83.198)
         Placed symbol:  C1 / CAP NP_CAP196_0.001UF / CAP196 at (52.406 83.198)


Placed 25 of 25 applicable (25 total) symbols.

-----------------------------------------------------------------------

